<?xml version="1.0" encoding="UTF-8"?>
<testsuite xmlns:xsi="http://www.w3.org/2001/XMLSchema-instance" xsi:noNamespaceSchemaLocation="https://maven.apache.org/surefire/maven-surefire-plugin/xsd/surefire-test-report.xsd" name="RunnerFile.TestRunner" time="0.34" tests="1" errors="1" skipped="0" failures="0">
  <properties>
[...]
</properties>
  <testcase name="initializationError" classname="RunnerFile.TestRunner" time="0.008">
    <error message="Failed to parse resource at: file:///C:/Eclipse/CucumberJavaPractise/src/test/resources/Features/hooksNotes.feature&#10;(3:1): expected: #EOF, #Language, #TagLine, #FeatureLine, #Comment, #Empty, got &apos;// Hooks&apos;&#10;(5:1): expected: #EOF, #Language, #TagLine, #FeatureLine, #Comment, #Empty, got &apos;Scenario hooks -&gt; which runs before and After Hooks&apos;&#10;(6:1): expected: #EOF, #Language, #TagLine, #FeatureLine, #Comment, #Empty, got &apos;Step Hooks --&gt; runs before and after each Steps&apos;&#10;(7:1): expected: #EOF, #Language, #TagLine, #FeatureLine, #Comment, #Empty, got &apos;Conditional Hooks --&gt; Hooks associated with tags for conditional execution.&apos;&#10;(11:10): A tag may not contain whitespace&#10;(11:1): expected: #EOF, #Language, #TagLine, #FeatureLine, #Comment, #Empty, got &apos;@Before, @After --&gt; runs before and after every scenario&apos;&#10;(14:1): A tag may not contain whitespace&#10;(14:1): expected: #TagLine, #FeatureLine, #Comment, #Empty, got &apos;@Before(order=1)  -&gt; for before the order works in ascending order&apos;&#10;(18:1): A tag may not contain whitespace&#10;(18:1): expected: #TagLine, #FeatureLine, #Comment, #Empty, got &apos;@After(order=2) --&gt; It works in descending order.... number2 will get executed first and number 1 gets executed second&apos;&#10;(23:16): A tag may not contain whitespace" type="io.cucumber.core.gherkin.FeatureParserException">io.cucumber.core.gherkin.FeatureParserException: 
Failed to parse resource at: file:///C:/Eclipse/CucumberJavaPractise/src/test/resources/Features/hooksNotes.feature
(3:1): expected: #EOF, #Language, #TagLine, #FeatureLine, #Comment, #Empty, got '// Hooks'
(5:1): expected: #EOF, #Language, #TagLine, #FeatureLine, #Comment, #Empty, got 'Scenario hooks -> which runs before and After Hooks'
(6:1): expected: #EOF, #Language, #TagLine, #FeatureLine, #Comment, #Empty, got 'Step Hooks --> runs before and after each Steps'
(7:1): expected: #EOF, #Language, #TagLine, #FeatureLine, #Comment, #Empty, got 'Conditional Hooks --> Hooks associated with tags for conditional execution.'
(11:10): A tag may not contain whitespace
(11:1): expected: #EOF, #Language, #TagLine, #FeatureLine, #Comment, #Empty, got '@Before, @After --> runs before and after every scenario'
(14:1): A tag may not contain whitespace
(14:1): expected: #TagLine, #FeatureLine, #Comment, #Empty, got '@Before(order=1)  -> for before the order works in ascending order'
(18:1): A tag may not contain whitespace
(18:1): expected: #TagLine, #FeatureLine, #Comment, #Empty, got '@After(order=2) --> It works in descending order.... number2 will get executed first and number 1 gets executed second'
(23:16): A tag may not contain whitespace
</error>
  </testcase>
</testsuite>