<?xml version="1.0" encoding="UTF-8"?>
<testng-results ignored="0" total="1" passed="1" failed="0" skipped="0">
  <reporter-output>
  </reporter-output>
  <suite started-at="2022-01-13T15:35:05 IST" name="Surefire suite" finished-at="2022-01-13T15:35:05 IST" duration-ms="36">
    <groups>
    </groups>
    <test started-at="2022-01-13T15:35:05 IST" name="Surefire test" finished-at="2022-01-13T15:35:05 IST" duration-ms="36">
      <class name="ScriptHelper.AppTest">
        <test-method signature="shouldAnswerWithTrue()[pri:0, instance:ScriptHelper.AppTest@6200f9cb]" started-at="2022-01-13T15:35:05 IST" name="shouldAnswerWithTrue" finished-at="2022-01-13T15:35:05 IST" duration-ms="6" status="PASS">
          <reporter-output>
          </reporter-output>
        </test-method> <!-- shouldAnswerWithTrue -->
      </class> <!-- ScriptHelper.AppTest -->
    </test> <!-- Surefire test -->
  </suite> <!-- Surefire suite -->
</testng-results>
